#
# There is insufficient memory for the Java Runtime Environment to continue.
# Native memory allocation (mmap) failed to map 65536 bytes for Failed to commit metaspace.
# Possible reasons:
#   The system is out of physical RAM or swap space
#   The process is running with CompressedOops enabled, and the Java Heap may be blocking the growth of the native heap
# Possible solutions:
#   Reduce memory load on the system
#   Increase physical memory or swap space
#   Check if swap backing store is full
#   Decrease Java heap size (-Xmx/-Xms)
#   Decrease number of Java threads
#   Decrease Java thread stack sizes (-Xss)
#   Set larger code cache with -XX:ReservedCodeCacheSize=
#   JVM is running with Unscaled Compressed Oops mode in which the Java heap is
#     placed in the first 4GB address space. The Java Heap base address is the
#     maximum limit for the native heap growth. Please use -XX:HeapBaseMinAddress
#     to set the Java Heap base and to place the Java Heap above 4GB virtual address.
# This output file may be truncated or incomplete.
#
#  Out of Memory Error (virtualSpaceNode.cpp:110), pid=7888, tid=7272
#
# JRE version: OpenJDK Runtime Environment (17.0.7) (build 17.0.7+0-b2043.56-10550314)
# Java VM: OpenJDK 64-Bit Server VM (17.0.7+0-b2043.56-10550314, mixed mode, tiered, compressed oops, compressed class ptrs, g1 gc, windows-amd64)
# No core dump will be written. Minidumps are not enabled by default on client versions of Windows
#

---------------  S U M M A R Y ------------

Command Line: -Dorg.gradle.appname=gradlew org.gradle.wrapper.GradleWrapperMain -q -Ptarget-platform=android-x64 -Ptarget=F:\flutter-projects\track_wise\lib\main.dart -Pbase-application-name=android.app.Application -Pdart-defines=RkxVVFRFUl9XRUJfQVVUT19ERVRFQ1Q9dHJ1ZQ==,RkxVVFRFUl9XRUJfQ0FOVkFTS0lUX1VSTD1odHRwczovL3d3dy5nc3RhdGljLmNvbS9mbHV0dGVyLWNhbnZhc2tpdC9mNDBlOTc2YmVkZmY1N2U2OWUxYjNkODlhN2MyYTNjNjE3YTAzZGFkLw== -Pdart-obfuscation=false -Ptrack-widget-creation=true -Ptree-shake-icons=false -Pfilesystem-scheme=org-dartlang-root assembleDebug

Host: AMD Ryzen 3 3200G with Radeon Vega Graphics    , 4 cores, 5G,  Windows 11 , 64 bit Build 22621 (10.0.22621.3235)
Time: Tue Mar 26 07:05:05 2024 Sri Lanka Standard Time elapsed time: 0.183920 seconds (0d 0h 0m 0s)

---------------  T H R E A D  ---------------

Current thread (0x0000016ae9911fa0):  JavaThread "main" [_thread_in_vm, id=7272, stack(0x0000000100600000,0x0000000100700000)]

Stack: [0x0000000100600000,0x0000000100700000]
Native frames: (J=compiled Java code, j=interpreted, Vv=VM code, C=native code)
V  [jvm.dll+0x683bfa]
V  [jvm.dll+0x8430a4]
V  [jvm.dll+0x8449be]
V  [jvm.dll+0x845023]
V  [jvm.dll+0x24ad2f]
V  [jvm.dll+0x83e45b]
V  [jvm.dll+0x6281e6]
V  [jvm.dll+0x62824a]
V  [jvm.dll+0x62aa6a]
V  [jvm.dll+0x628b86]
V  [jvm.dll+0x632a57]
V  [jvm.dll+0x1eea7b]
V  [jvm.dll+0x1eefb5]
V  [jvm.dll+0x1ef8d4]
V  [jvm.dll+0x1e4e1c]
V  [jvm.dll+0x54a1dd]
V  [jvm.dll+0x1f573b]
V  [jvm.dll+0x7bcb6b]
V  [jvm.dll+0x7bdfb2]
V  [jvm.dll+0x7be2e8]
V  [jvm.dll+0x2429be]
V  [jvm.dll+0x242c0f]
V  [jvm.dll+0x568108]
V  [jvm.dll+0x56b047]
V  [jvm.dll+0x38a0f4]
V  [jvm.dll+0x38975f]
C  0x0000016af432a4e3

Java frames: (J=compiled Java code, j=interpreted, Vv=VM code)
j  jdk.internal.module.SystemModuleFinders$SystemModuleFinder.find(Ljava/lang/String;)Ljava/util/Optional;+18 java.base
j  jdk.internal.module.ModuleBootstrap.boot2()Ljava/lang/ModuleLayer;+292 java.base
j  jdk.internal.module.ModuleBootstrap.boot()Ljava/lang/ModuleLayer;+64 java.base
j  java.lang.System.initPhase2(ZZ)I+0 java.base
v  ~StubRoutines::call_stub

---------------  P R O C E S S  ---------------

Threads class SMR info:
_java_thread_list=0x0000016ac60021f0, length=10, elements={
0x0000016ae9911fa0, 0x0000016affb56fc0, 0x0000016affb5c5e0, 0x0000016affb83560,
0x0000016affb86180, 0x0000016ac6018570, 0x0000016ac6018b30, 0x0000016ac6019810,
0x0000016ac601b2c0, 0x0000016ac60253c0
}

Java Threads: ( => current thread )
=>0x0000016ae9911fa0 JavaThread "main" [_thread_in_vm, id=7272, stack(0x0000000100600000,0x0000000100700000)]
  0x0000016affb56fc0 JavaThread "Reference Handler" daemon [_thread_blocked, id=2828, stack(0x0000000100d00000,0x0000000100e00000)]
  0x0000016affb5c5e0 JavaThread "Finalizer" daemon [_thread_blocked, id=11368, stack(0x0000000100e00000,0x0000000100f00000)]
  0x0000016affb83560 JavaThread "Signal Dispatcher" daemon [_thread_blocked, id=15256, stack(0x0000000100f00000,0x0000000101000000)]
  0x0000016affb86180 JavaThread "Attach Listener" daemon [_thread_blocked, id=16396, stack(0x0000000101000000,0x0000000101100000)]
  0x0000016ac6018570 JavaThread "Service Thread" daemon [_thread_blocked, id=9516, stack(0x0000000101100000,0x0000000101200000)]
  0x0000016ac6018b30 JavaThread "Monitor Deflation Thread" daemon [_thread_blocked, id=16628, stack(0x0000000101200000,0x0000000101300000)]
  0x0000016ac6019810 JavaThread "C2 CompilerThread0" daemon [_thread_blocked, id=5712, stack(0x0000000101300000,0x0000000101400000)]
  0x0000016ac601b2c0 JavaThread "C1 CompilerThread0" daemon [_thread_blocked, id=13600, stack(0x0000000101400000,0x0000000101500000)]
  0x0000016ac60253c0 JavaThread "Sweeper thread" daemon [_thread_blocked, id=14228, stack(0x0000000101500000,0x0000000101600000)]

Other Threads:
  0x0000016affb33e10 VMThread "VM Thread" [stack: 0x0000000100c00000,0x0000000100d00000] [id=17248]
  0x0000016ae995ca50 GCTaskThread "GC Thread#0" [stack: 0x0000000100700000,0x0000000100800000] [id=14176]
  0x0000016ae996a760 ConcurrentGCThread "G1 Main Marker" [stack: 0x0000000100800000,0x0000000100900000] [id=15228]
  0x0000016ae996b170 ConcurrentGCThread "G1 Conc#0" [stack: 0x0000000100900000,0x0000000100a00000] [id=5216]
  0x0000016ae99bd8d0 ConcurrentGCThread "G1 Refine#0" [stack: 0x0000000100a00000,0x0000000100b00000] [id=10244]
  0x0000016ae99be2f0 ConcurrentGCThread "G1 Service" [stack: 0x0000000100b00000,0x0000000100c00000] [id=13784]

Threads with active compile tasks:

VM state: not at safepoint (normal execution)

VM Mutex/Monitor currently owned by a thread:  ([mutex/lock_event])
[0x0000016ae990d920] Metaspace_lock - owner thread: 0x0000016ae9911fa0

Heap address: 0x00000000a1200000, size: 1518 MB, Compressed Oops mode: 32-bit

CDS archive(s) not mapped
Compressed class space mapped at: 0x0000016a82000000-0x0000016ac2000000, reserved size: 1073741824
Narrow klass base: 0x0000016a82000000, Narrow klass shift: 0, Narrow klass range: 0x40000000

GC Precious Log:
 CPUs: 4 total, 4 available
 Memory: 6065M
 Large Page Support: Disabled
 NUMA Support: Disabled
 Compressed Oops: Enabled (32-bit)
 Heap Region Size: 1M
 Heap Min Capacity: 8M
 Heap Initial Capacity: 96M
 Heap Max Capacity: 1518M
 Pre-touch: Disabled
 Parallel Workers: 4
 Concurrent Workers: 1
 Concurrent Refinement Workers: 4
 Periodic GC: Disabled

Heap:
 garbage-first heap   total 98304K, used 0K [0x00000000a1200000, 0x0000000100000000)
  region size 1024K, 1 young (1024K), 0 survivors (0K)
 Metaspace       used 3196K, committed 3200K, reserved 1114112K
  class space    used 252K, committed 256K, reserved 1048576K

Heap Regions: E=young(eden), S=young(survivor), O=old, HS=humongous(starts), HC=humongous(continues), CS=collection set, F=free, OA=open archive, CA=closed archive, TAMS=top-at-mark-start (previous, next)
|   0|0x00000000a1200000, 0x00000000a1200000, 0x00000000a1300000|  0%| F|  |TAMS 0x00000000a1200000, 0x00000000a1200000| Untracked 
|   1|0x00000000a1300000, 0x00000000a1300000, 0x00000000a1400000|  0%| F|  |TAMS 0x00000000a1300000, 0x00000000a1300000| Untracked 
|   2|0x00000000a1400000, 0x00000000a1400000, 0x00000000a1500000|  0%| F|  |TAMS 0x00000000a1400000, 0x00000000a1400000| Untracked 
|   3|0x00000000a1500000, 0x00000000a1500000, 0x00000000a1600000|  0%| F|  |TAMS 0x00000000a1500000, 0x00000000a1500000| Untracked 
|   4|0x00000000a1600000, 0x00000000a1600000, 0x00000000a1700000|  0%| F|  |TAMS 0x00000000a1600000, 0x00000000a1600000| Untracked 
|   5|0x00000000a1700000, 0x00000000a1700000, 0x00000000a1800000|  0%| F|  |TAMS 0x00000000a1700000, 0x00000000a1700000| Untracked 
|   6|0x00000000a1800000, 0x00000000a1800000, 0x00000000a1900000|  0%| F|  |TAMS 0x00000000a1800000, 0x00000000a1800000| Untracked 
|   7|0x00000000a1900000, 0x00000000a1900000, 0x00000000a1a00000|  0%| F|  |TAMS 0x00000000a1900000, 0x00000000a1900000| Untracked 
|   8|0x00000000a1a00000, 0x00000000a1a00000, 0x00000000a1b00000|  0%| F|  |TAMS 0x00000000a1a00000, 0x00000000a1a00000| Untracked 
|   9|0x00000000a1b00000, 0x00000000a1b00000, 0x00000000a1c00000|  0%| F|  |TAMS 0x00000000a1b00000, 0x00000000a1b00000| Untracked 
|  10|0x00000000a1c00000, 0x00000000a1c00000, 0x00000000a1d00000|  0%| F|  |TAMS 0x00000000a1c00000, 0x00000000a1c00000| Untracked 
|  11|0x00000000a1d00000, 0x00000000a1d00000, 0x00000000a1e00000|  0%| F|  |TAMS 0x00000000a1d00000, 0x00000000a1d00000| Untracked 
|  12|0x00000000a1e00000, 0x00000000a1e00000, 0x00000000a1f00000|  0%| F|  |TAMS 0x00000000a1e00000, 0x00000000a1e00000| Untracked 
|  13|0x00000000a1f00000, 0x00000000a1f00000, 0x00000000a2000000|  0%| F|  |TAMS 0x00000000a1f00000, 0x00000000a1f00000| Untracked 
|  14|0x00000000a2000000, 0x00000000a2000000, 0x00000000a2100000|  0%| F|  |TAMS 0x00000000a2000000, 0x00000000a2000000| Untracked 
|  15|0x00000000a2100000, 0x00000000a2100000, 0x00000000a2200000|  0%| F|  |TAMS 0x00000000a2100000, 0x00000000a2100000| Untracked 
|  16|0x00000000a2200000, 0x00000000a2200000, 0x00000000a2300000|  0%| F|  |TAMS 0x00000000a2200000, 0x00000000a2200000| Untracked 
|  17|0x00000000a2300000, 0x00000000a2300000, 0x00000000a2400000|  0%| F|  |TAMS 0x00000000a2300000, 0x00000000a2300000| Untracked 
|  18|0x00000000a2400000, 0x00000000a2400000, 0x00000000a2500000|  0%| F|  |TAMS 0x00000000a2400000, 0x00000000a2400000| Untracked 
|  19|0x00000000a2500000, 0x00000000a2500000, 0x00000000a2600000|  0%| F|  |TAMS 0x00000000a2500000, 0x00000000a2500000| Untracked 
|  20|0x00000000a2600000, 0x00000000a2600000, 0x00000000a2700000|  0%| F|  |TAMS 0x00000000a2600000, 0x00000000a2600000| Untracked 
|  21|0x00000000a2700000, 0x00000000a2700000, 0x00000000a2800000|  0%| F|  |TAMS 0x00000000a2700000, 0x00000000a2700000| Untracked 
|  22|0x00000000a2800000, 0x00000000a2800000, 0x00000000a2900000|  0%| F|  |TAMS 0x00000000a2800000, 0x00000000a2800000| Untracked 
|  23|0x00000000a2900000, 0x00000000a2900000, 0x00000000a2a00000|  0%| F|  |TAMS 0x00000000a2900000, 0x00000000a2900000| Untracked 
|  24|0x00000000a2a00000, 0x00000000a2a00000, 0x00000000a2b00000|  0%| F|  |TAMS 0x00000000a2a00000, 0x00000000a2a00000| Untracked 
|  25|0x00000000a2b00000, 0x00000000a2b00000, 0x00000000a2c00000|  0%| F|  |TAMS 0x00000000a2b00000, 0x00000000a2b00000| Untracked 
|  26|0x00000000a2c00000, 0x00000000a2c00000, 0x00000000a2d00000|  0%| F|  |TAMS 0x00000000a2c00000, 0x00000000a2c00000| Untracked 
|  27|0x00000000a2d00000, 0x00000000a2d00000, 0x00000000a2e00000|  0%| F|  |TAMS 0x00000000a2d00000, 0x00000000a2d00000| Untracked 
|  28|0x00000000a2e00000, 0x00000000a2e00000, 0x00000000a2f00000|  0%| F|  |TAMS 0x00000000a2e00000, 0x00000000a2e00000| Untracked 
|  29|0x00000000a2f00000, 0x00000000a2f00000, 0x00000000a3000000|  0%| F|  |TAMS 0x00000000a2f00000, 0x00000000a2f00000| Untracked 
|  30|0x00000000a3000000, 0x00000000a3000000, 0x00000000a3100000|  0%| F|  |TAMS 0x00000000a3000000, 0x00000000a3000000| Untracked 
|  31|0x00000000a3100000, 0x00000000a3100000, 0x00000000a3200000|  0%| F|  |TAMS 0x00000000a3100000, 0x00000000a3100000| Untracked 
|  32|0x00000000a3200000, 0x00000000a3200000, 0x00000000a3300000|  0%| F|  |TAMS 0x00000000a3200000, 0x00000000a3200000| Untracked 
|  33|0x00000000a3300000, 0x00000000a3300000, 0x00000000a3400000|  0%| F|  |TAMS 0x00000000a3300000, 0x00000000a3300000| Untracked 
|  34|0x00000000a3400000, 0x00000000a3400000, 0x00000000a3500000|  0%| F|  |TAMS 0x00000000a3400000, 0x00000000a3400000| Untracked 
|  35|0x00000000a3500000, 0x00000000a3500000, 0x00000000a3600000|  0%| F|  |TAMS 0x00000000a3500000, 0x00000000a3500000| Untracked 
|  36|0x00000000a3600000, 0x00000000a3600000, 0x00000000a3700000|  0%| F|  |TAMS 0x00000000a3600000, 0x00000000a3600000| Untracked 
|  37|0x00000000a3700000, 0x00000000a3700000, 0x00000000a3800000|  0%| F|  |TAMS 0x00000000a3700000, 0x00000000a3700000| Untracked 
|  38|0x00000000a3800000, 0x00000000a3800000, 0x00000000a3900000|  0%| F|  |TAMS 0x00000000a3800000, 0x00000000a3800000| Untracked 
|  39|0x00000000a3900000, 0x00000000a3900000, 0x00000000a3a00000|  0%| F|  |TAMS 0x00000000a3900000, 0x00000000a3900000| Untracked 
|  40|0x00000000a3a00000, 0x00000000a3a00000, 0x00000000a3b00000|  0%| F|  |TAMS 0x00000000a3a00000, 0x00000000a3a00000| Untracked 
|  41|0x00000000a3b00000, 0x00000000a3b00000, 0x00000000a3c00000|  0%| F|  |TAMS 0x00000000a3b00000, 0x00000000a3b00000| Untracked 
|  42|0x00000000a3c00000, 0x00000000a3c00000, 0x00000000a3d00000|  0%| F|  |TAMS 0x00000000a3c00000, 0x00000000a3c00000| Untracked 
|  43|0x00000000a3d00000, 0x00000000a3d00000, 0x00000000a3e00000|  0%| F|  |TAMS 0x00000000a3d00000, 0x00000000a3d00000| Untracked 
|  44|0x00000000a3e00000, 0x00000000a3e00000, 0x00000000a3f00000|  0%| F|  |TAMS 0x00000000a3e00000, 0x00000000a3e00000| Untracked 
|  45|0x00000000a3f00000, 0x00000000a3f00000, 0x00000000a4000000|  0%| F|  |TAMS 0x00000000a3f00000, 0x00000000a3f00000| Untracked 
|  46|0x00000000a4000000, 0x00000000a4000000, 0x00000000a4100000|  0%| F|  |TAMS 0x00000000a4000000, 0x00000000a4000000| Untracked 
|  47|0x00000000a4100000, 0x00000000a4100000, 0x00000000a4200000|  0%| F|  |TAMS 0x00000000a4100000, 0x00000000a4100000| Untracked 
|  48|0x00000000a4200000, 0x00000000a4200000, 0x00000000a4300000|  0%| F|  |TAMS 0x00000000a4200000, 0x00000000a4200000| Untracked 
|  49|0x00000000a4300000, 0x00000000a4300000, 0x00000000a4400000|  0%| F|  |TAMS 0x00000000a4300000, 0x00000000a4300000| Untracked 
|  50|0x00000000a4400000, 0x00000000a4400000, 0x00000000a4500000|  0%| F|  |TAMS 0x00000000a4400000, 0x00000000a4400000| Untracked 
|  51|0x00000000a4500000, 0x00000000a4500000, 0x00000000a4600000|  0%| F|  |TAMS 0x00000000a4500000, 0x00000000a4500000| Untracked 
|  52|0x00000000a4600000, 0x00000000a4600000, 0x00000000a4700000|  0%| F|  |TAMS 0x00000000a4600000, 0x00000000a4600000| Untracked 
|  53|0x00000000a4700000, 0x00000000a4700000, 0x00000000a4800000|  0%| F|  |TAMS 0x00000000a4700000, 0x00000000a4700000| Untracked 
|  54|0x00000000a4800000, 0x00000000a4800000, 0x00000000a4900000|  0%| F|  |TAMS 0x00000000a4800000, 0x00000000a4800000| Untracked 
|  55|0x00000000a4900000, 0x00000000a4900000, 0x00000000a4a00000|  0%| F|  |TAMS 0x00000000a4900000, 0x00000000a4900000| Untracked 
|  56|0x00000000a4a00000, 0x00000000a4a00000, 0x00000000a4b00000|  0%| F|  |TAMS 0x00000000a4a00000, 0x00000000a4a00000| Untracked 
|  57|0x00000000a4b00000, 0x00000000a4b00000, 0x00000000a4c00000|  0%| F|  |TAMS 0x00000000a4b00000, 0x00000000a4b00000| Untracked 
|  58|0x00000000a4c00000, 0x00000000a4c00000, 0x00000000a4d00000|  0%| F|  |TAMS 0x00000000a4c00000, 0x00000000a4c00000| Untracked 
|  59|0x00000000a4d00000, 0x00000000a4d00000, 0x00000000a4e00000|  0%| F|  |TAMS 0x00000000a4d00000, 0x00000000a4d00000| Untracked 
|  60|0x00000000a4e00000, 0x00000000a4e00000, 0x00000000a4f00000|  0%| F|  |TAMS 0x00000000a4e00000, 0x00000000a4e00000| Untracked 
|  61|0x00000000a4f00000, 0x00000000a4f00000, 0x00000000a5000000|  0%| F|  |TAMS 0x00000000a4f00000, 0x00000000a4f00000| Untracked 
|  62|0x00000000a5000000, 0x00000000a5000000, 0x00000000a5100000|  0%| F|  |TAMS 0x00000000a5000000, 0x00000000a5000000| Untracked 
|  63|0x00000000a5100000, 0x00000000a5100000, 0x00000000a5200000|  0%| F|  |TAMS 0x00000000a5100000, 0x00000000a5100000| Untracked 
|  64|0x00000000a5200000, 0x00000000a5200000, 0x00000000a5300000|  0%| F|  |TAMS 0x00000000a5200000, 0x00000000a5200000| Untracked 
|  65|0x00000000a5300000, 0x00000000a5300000, 0x00000000a5400000|  0%| F|  |TAMS 0x00000000a5300000, 0x00000000a5300000| Untracked 
|  66|0x00000000a5400000, 0x00000000a5400000, 0x00000000a5500000|  0%| F|  |TAMS 0x00000000a5400000, 0x00000000a5400000| Untracked 
|  67|0x00000000a5500000, 0x00000000a5500000, 0x00000000a5600000|  0%| F|  |TAMS 0x00000000a5500000, 0x00000000a5500000| Untracked 
|  68|0x00000000a5600000, 0x00000000a5600000, 0x00000000a5700000|  0%| F|  |TAMS 0x00000000a5600000, 0x00000000a5600000| Untracked 
|  69|0x00000000a5700000, 0x00000000a5700000, 0x00000000a5800000|  0%| F|  |TAMS 0x00000000a5700000, 0x00000000a5700000| Untracked 
|  70|0x00000000a5800000, 0x00000000a5800000, 0x00000000a5900000|  0%| F|  |TAMS 0x00000000a5800000, 0x00000000a5800000| Untracked 
|  71|0x00000000a5900000, 0x00000000a5900000, 0x00000000a5a00000|  0%| F|  |TAMS 0x00000000a5900000, 0x00000000a5900000| Untracked 
|  72|0x00000000a5a00000, 0x00000000a5a00000, 0x00000000a5b00000|  0%| F|  |TAMS 0x00000000a5a00000, 0x00000000a5a00000| Untracked 
|  73|0x00000000a5b00000, 0x00000000a5b00000, 0x00000000a5c00000|  0%| F|  |TAMS 0x00000000a5b00000, 0x00000000a5b00000| Untracked 
|  74|0x00000000a5c00000, 0x00000000a5c00000, 0x00000000a5d00000|  0%| F|  |TAMS 0x00000000a5c00000, 0x00000000a5c00000| Untracked 
|  75|0x00000000a5d00000, 0x00000000a5d00000, 0x00000000a5e00000|  0%| F|  |TAMS 0x00000000a5d00000, 0x00000000a5d00000| Untracked 
|  76|0x00000000a5e00000, 0x00000000a5e00000, 0x00000000a5f00000|  0%| F|  |TAMS 0x00000000a5e00000, 0x00000000a5e00000| Untracked 
|  77|0x00000000a5f00000, 0x00000000a5f00000, 0x00000000a6000000|  0%| F|  |TAMS 0x00000000a5f00000, 0x00000000a5f00000| Untracked 
|  78|0x00000000a6000000, 0x00000000a6000000, 0x00000000a6100000|  0%| F|  |TAMS 0x00000000a6000000, 0x00000000a6000000| Untracked 
|  79|0x00000000a6100000, 0x00000000a6100000, 0x00000000a6200000|  0%| F|  |TAMS 0x00000000a6100000, 0x00000000a6100000| Untracked 
|  80|0x00000000a6200000, 0x00000000a6200000, 0x00000000a6300000|  0%| F|  |TAMS 0x00000000a6200000, 0x00000000a6200000| Untracked 
|  81|0x00000000a6300000, 0x00000000a6300000, 0x00000000a6400000|  0%| F|  |TAMS 0x00000000a6300000, 0x00000000a6300000| Untracked 
|  82|0x00000000a6400000, 0x00000000a6400000, 0x00000000a6500000|  0%| F|  |TAMS 0x00000000a6400000, 0x00000000a6400000| Untracked 
|  83|0x00000000a6500000, 0x00000000a6500000, 0x00000000a6600000|  0%| F|  |TAMS 0x00000000a6500000, 0x00000000a6500000| Untracked 
|  84|0x00000000a6600000, 0x00000000a6600000, 0x00000000a6700000|  0%| F|  |TAMS 0x00000000a6600000, 0x00000000a6600000| Untracked 
|  85|0x00000000a6700000, 0x00000000a6700000, 0x00000000a6800000|  0%| F|  |TAMS 0x00000000a6700000, 0x00000000a6700000| Untracked 
|  86|0x00000000a6800000, 0x00000000a6800000, 0x00000000a6900000|  0%| F|  |TAMS 0x00000000a6800000, 0x00000000a6800000| Untracked 
|  87|0x00000000a6900000, 0x00000000a6900000, 0x00000000a6a00000|  0%| F|  |TAMS 0x00000000a6900000, 0x00000000a6900000| Untracked 
|  88|0x00000000a6a00000, 0x00000000a6a00000, 0x00000000a6b00000|  0%| F|  |TAMS 0x00000000a6a00000, 0x00000000a6a00000| Untracked 
|  89|0x00000000a6b00000, 0x00000000a6b00000, 0x00000000a6c00000|  0%| F|  |TAMS 0x00000000a6b00000, 0x00000000a6b00000| Untracked 
|  90|0x00000000a6c00000, 0x00000000a6c00000, 0x00000000a6d00000|  0%| F|  |TAMS 0x00000000a6c00000, 0x00000000a6c00000| Untracked 
|  91|0x00000000a6d00000, 0x00000000a6d00000, 0x00000000a6e00000|  0%| F|  |TAMS 0x00000000a6d00000, 0x00000000a6d00000| Untracked 
|  92|0x00000000a6e00000, 0x00000000a6e00000, 0x00000000a6f00000|  0%| F|  |TAMS 0x00000000a6e00000, 0x00000000a6e00000| Untracked 
|  93|0x00000000a6f00000, 0x00000000a6f00000, 0x00000000a7000000|  0%| F|  |TAMS 0x00000000a6f00000, 0x00000000a6f00000| Untracked 
|  94|0x00000000a7000000, 0x00000000a7000000, 0x00000000a7100000|  0%| F|  |TAMS 0x00000000a7000000, 0x00000000a7000000| Untracked 
|  95|0x00000000a7100000, 0x00000000a71c7c38, 0x00000000a7200000| 78%| E|  |TAMS 0x00000000a7100000, 0x00000000a7100000| Complete 

Card table byte_map: [0x0000016afc0e0000,0x0000016afc3e0000] _byte_map_base: 0x0000016afbbd7000

Marking Bits (Prev, Next): (CMBitMap*) 0x0000016ae995e070, (CMBitMap*) 0x0000016ae995e0b0
 Prev Bits: [0x0000016afc6e0000, 0x0000016afde98000)
 Next Bits: [0x0000016afdea0000, 0x0000016aff658000)

Polling page: 0x0000016ae90d0000

Metaspace:

Usage:
  Non-class:      2.87 MB used.
      Class:    252.49 KB used.
       Both:      3.12 MB used.

Virtual space:
  Non-class space:       64.00 MB reserved,       2.88 MB (  4%) committed,  1 nodes.
      Class space:        1.00 GB reserved,     256.00 KB ( <1%) committed,  1 nodes.
             Both:        1.06 GB reserved,       3.12 MB ( <1%) committed. 

Chunk freelists:
   Non-Class:  12.00 MB
       Class:  15.75 MB
        Both:  27.75 MB

MaxMetaspaceSize: unlimited
CompressedClassSpaceSize: 1.00 GB
Initial GC threshold: 21.00 MB
Current GC threshold: 21.00 MB
CDS: off
MetaspaceReclaimPolicy: balanced
 - commit_granule_bytes: 65536.
 - commit_granule_words: 8192.
 - virtual_space_node_default_size: 8388608.
 - enlarge_chunks_in_place: 1.
 - new_chunks_are_fully_committed: 0.
 - uncommit_free_chunks: 1.
 - use_allocation_guard: 0.
 - handle_deallocations: 1.


Internal statistics:

num_allocs_failed_limit: 0.
num_arena_births: 2.
num_arena_deaths: 0.
num_vsnodes_births: 2.
num_vsnodes_deaths: 0.
num_space_committed: 50.
num_space_uncommitted: 0.
num_chunks_returned_to_freelist: 0.
num_chunks_taken_from_freelist: 3.
num_chunk_merges: 0.
num_chunk_splits: 2.
num_chunks_enlarged: 0.
num_inconsistent_stats: 0.

CodeHeap 'non-profiled nmethods': size=120000Kb used=2Kb max_used=2Kb free=119997Kb
 bounds [0x0000016af48b0000, 0x0000016af4b20000, 0x0000016afbde0000]
CodeHeap 'profiled nmethods': size=120000Kb used=23Kb max_used=23Kb free=119976Kb
 bounds [0x0000016aecde0000, 0x0000016aed050000, 0x0000016af4310000]
CodeHeap 'non-nmethods': size=5760Kb used=1023Kb max_used=1037Kb free=4737Kb
 bounds [0x0000016af4310000, 0x0000016af4580000, 0x0000016af48b0000]
 total_blobs=297 nmethods=22 adapters=188
 compilation: enabled
              stopped_count=0, restarted_count=0
 full_count=0

Compilation events (20 events):
Event: 0.164 Thread 0x0000016ac6019810   11       4       java.lang.StringLatin1::hashCode (42 bytes)
Event: 0.164 Thread 0x0000016ac601b2c0   12       3       java.util.Objects::requireNonNull (14 bytes)
Event: 0.165 Thread 0x0000016ac601b2c0 nmethod 12 0x0000016aecde3510 code [0x0000016aecde36c0, 0x0000016aecde38a8]
Event: 0.165 Thread 0x0000016ac601b2c0   13       3       java.util.Set::of (4 bytes)
Event: 0.165 Thread 0x0000016ac601b2c0 nmethod 13 0x0000016aecde3990 code [0x0000016aecde3b20, 0x0000016aecde3c18]
Event: 0.165 Thread 0x0000016ac601b2c0   14       3       java.util.AbstractCollection::<init> (5 bytes)
Event: 0.165 Thread 0x0000016ac601b2c0 nmethod 14 0x0000016aecde3c90 code [0x0000016aecde3e20, 0x0000016aecde3f78]
Event: 0.165 Thread 0x0000016ac601b2c0   15       3       java.util.ImmutableCollections$AbstractImmutableCollection::<init> (5 bytes)
Event: 0.165 Thread 0x0000016ac601b2c0 nmethod 15 0x0000016aecde4010 code [0x0000016aecde41c0, 0x0000016aecde4378]
Event: 0.166 Thread 0x0000016ac601b2c0   16       3       java.util.ImmutableCollections$AbstractImmutableSet::<init> (5 bytes)
Event: 0.166 Thread 0x0000016ac601b2c0 nmethod 16 0x0000016aecde4490 code [0x0000016aecde4640, 0x0000016aecde4878]
Event: 0.168 Thread 0x0000016ac601b2c0   17       3       java.lang.String::coder (15 bytes)
Event: 0.168 Thread 0x0000016ac601b2c0 nmethod 17 0x0000016aecde4990 code [0x0000016aecde4b20, 0x0000016aecde4c58]
Event: 0.168 Thread 0x0000016ac601b2c0   18       3       java.lang.String::length (11 bytes)
Event: 0.168 Thread 0x0000016ac601b2c0 nmethod 18 0x0000016aecde4d10 code [0x0000016aecde4ea0, 0x0000016aecde5038]
Event: 0.168 Thread 0x0000016ac601b2c0   19       1       java.lang.module.ModuleDescriptor::name (5 bytes)
Event: 0.168 Thread 0x0000016ac601b2c0 nmethod 19 0x0000016af48b0010 code [0x0000016af48b01a0, 0x0000016af48b0278]
Event: 0.168 Thread 0x0000016ac601b2c0   21       3       java.lang.String::charAt (25 bytes)
Event: 0.169 Thread 0x0000016ac601b2c0 nmethod 21 0x0000016aecde5110 code [0x0000016aecde5300, 0x0000016aecde5838]
Event: 0.169 Thread 0x0000016ac601b2c0   22       3       java.lang.StringLatin1::charAt (28 bytes)

GC Heap History (0 events):
No events

Dll operation events (1 events):
Event: 0.009 Loaded shared library C:\Program Files\Android\Android Studio\jbr\bin\java.dll

Deoptimization events (0 events):
No events

Classes unloaded (0 events):
No events

Classes redefined (0 events):
No events

Internal exceptions (0 events):
No events

VM Operations (0 events):
No events

Events (20 events):
Event: 0.167 loading class java/util/Collections$UnmodifiableMap done
Event: 0.167 loading class jdk/internal/module/ModuleResolution
Event: 0.167 loading class jdk/internal/module/ModuleResolution done
Event: 0.167 loading class java/lang/module/ModuleReference
Event: 0.167 loading class java/lang/module/ModuleReference done
Event: 0.167 loading class jdk/internal/module/SystemModuleFinders$2
Event: 0.167 loading class java/util/function/Supplier
Event: 0.167 loading class java/util/function/Supplier done
Event: 0.167 loading class jdk/internal/module/SystemModuleFinders$2 done
Event: 0.167 loading class jdk/internal/module/ModuleReferenceImpl
Event: 0.167 loading class jdk/internal/module/ModuleReferenceImpl done
Event: 0.167 loading class jdk/internal/module/SystemModuleFinders$3
Event: 0.167 loading class jdk/internal/module/ModuleHashes$HashSupplier
Event: 0.167 loading class jdk/internal/module/ModuleHashes$HashSupplier done
Event: 0.167 loading class jdk/internal/module/SystemModuleFinders$3 done
Event: 0.168 loading class jdk/internal/module/SystemModuleFinders$SystemModuleFinder
Event: 0.168 loading class java/lang/module/ModuleFinder
Event: 0.168 loading class java/lang/module/ModuleFinder done
Event: 0.168 loading class jdk/internal/module/SystemModuleFinders$SystemModuleFinder done
Event: 0.168 loading class java/util/Optional


Dynamic libraries:
0x00007ff62cf50000 - 0x00007ff62cf5a000 	C:\Program Files\Android\Android Studio\jbr\bin\java.exe
0x00007ffca4f70000 - 0x00007ffca5186000 	C:\Windows\SYSTEM32\ntdll.dll
0x00007ffca3b30000 - 0x00007ffca3bf4000 	C:\Windows\System32\KERNEL32.DLL
0x00007ffca2750000 - 0x00007ffca2af6000 	C:\Windows\System32\KERNELBASE.dll
0x00007ffca2b00000 - 0x00007ffca2c11000 	C:\Windows\System32\ucrtbase.dll
0x00007ffc914a0000 - 0x00007ffc914bb000 	C:\Program Files\Android\Android Studio\jbr\bin\VCRUNTIME140.dll
0x00007ffc90950000 - 0x00007ffc90967000 	C:\Program Files\Android\Android Studio\jbr\bin\jli.dll
0x00007ffca31c0000 - 0x00007ffca336d000 	C:\Windows\System32\USER32.dll
0x00007ffc88830000 - 0x00007ffc88ac3000 	C:\Windows\WinSxS\amd64_microsoft.windows.common-controls_6595b64144ccf1df_6.0.22621.3235_none_270f74e173860f98\COMCTL32.dll
0x00007ffca3450000 - 0x00007ffca34f7000 	C:\Windows\System32\msvcrt.dll
0x00007ffca22b0000 - 0x00007ffca22d6000 	C:\Windows\System32\win32u.dll
0x00007ffca37a0000 - 0x00007ffca37c9000 	C:\Windows\System32\GDI32.dll
0x00007ffca24f0000 - 0x00007ffca2608000 	C:\Windows\System32\gdi32full.dll
0x00007ffca2450000 - 0x00007ffca24ea000 	C:\Windows\System32\msvcp_win.dll
0x00007ffca46a0000 - 0x00007ffca46d1000 	C:\Windows\System32\IMM32.DLL
0x00007ffc9f5d0000 - 0x00007ffc9f5dc000 	C:\Program Files\Android\Android Studio\jbr\bin\vcruntime140_1.dll
0x00007ffc85110000 - 0x00007ffc8519d000 	C:\Program Files\Android\Android Studio\jbr\bin\msvcp140.dll
0x00007ffc42810000 - 0x00007ffc43490000 	C:\Program Files\Android\Android Studio\jbr\bin\server\jvm.dll
0x00007ffca4d10000 - 0x00007ffca4dc2000 	C:\Windows\System32\ADVAPI32.dll
0x00007ffca4ae0000 - 0x00007ffca4b88000 	C:\Windows\System32\sechost.dll
0x00007ffca2c20000 - 0x00007ffca2c48000 	C:\Windows\System32\bcrypt.dll
0x00007ffca3c00000 - 0x00007ffca3d15000 	C:\Windows\System32\RPCRT4.dll
0x00007ffc85410000 - 0x00007ffc85419000 	C:\Windows\SYSTEM32\WSOCK32.dll
0x00007ffca2cc0000 - 0x00007ffca2d31000 	C:\Windows\System32\WS2_32.dll
0x00007ffc989d0000 - 0x00007ffc989da000 	C:\Windows\SYSTEM32\VERSION.dll
0x00007ffc9ad00000 - 0x00007ffc9ad34000 	C:\Windows\SYSTEM32\WINMM.dll
0x00007ffca12f0000 - 0x00007ffca1308000 	C:\Windows\SYSTEM32\kernel.appcore.dll
0x00007ffc9f570000 - 0x00007ffc9f57a000 	C:\Program Files\Android\Android Studio\jbr\bin\jimage.dll
0x00007ffc99230000 - 0x00007ffc99463000 	C:\Windows\SYSTEM32\DBGHELP.DLL
0x00007ffca4740000 - 0x00007ffca4ac8000 	C:\Windows\System32\combase.dll
0x00007ffca3370000 - 0x00007ffca3447000 	C:\Windows\System32\OLEAUT32.dll
0x00007ffc8c310000 - 0x00007ffc8c342000 	C:\Windows\SYSTEM32\dbgcore.DLL
0x00007ffca2610000 - 0x00007ffca268a000 	C:\Windows\System32\bcryptPrimitives.dll
0x00007ffc90450000 - 0x00007ffc90475000 	C:\Program Files\Android\Android Studio\jbr\bin\java.dll
0x00007ffc8ede0000 - 0x00007ffc8edf8000 	C:\Program Files\Android\Android Studio\jbr\bin\zip.dll
0x00007ffca3d40000 - 0x00007ffca459d000 	C:\Windows\System32\SHELL32.dll
0x00007ffca0210000 - 0x00007ffca0b08000 	C:\Windows\SYSTEM32\windows.storage.dll
0x00007ffca00d0000 - 0x00007ffca020e000 	C:\Windows\SYSTEM32\wintypes.dll
0x00007ffca36a0000 - 0x00007ffca3793000 	C:\Windows\System32\SHCORE.dll
0x00007ffca45a0000 - 0x00007ffca45fe000 	C:\Windows\System32\shlwapi.dll
0x00007ffca21e0000 - 0x00007ffca2206000 	C:\Windows\SYSTEM32\profapi.dll

dbghelp: loaded successfully - version: 4.0.5 - missing functions: none
symbol engine: initialized successfully - sym options: 0x614 - pdb path: .;C:\Program Files\Android\Android Studio\jbr\bin;C:\Windows\SYSTEM32;C:\Windows\WinSxS\amd64_microsoft.windows.common-controls_6595b64144ccf1df_6.0.22621.3235_none_270f74e173860f98;C:\Program Files\Android\Android Studio\jbr\bin\server

VM Arguments:
jvm_args: -Dorg.gradle.appname=gradlew 
java_command: org.gradle.wrapper.GradleWrapperMain -q -Ptarget-platform=android-x64 -Ptarget=F:\flutter-projects\track_wise\lib\main.dart -Pbase-application-name=android.app.Application -Pdart-defines=RkxVVFRFUl9XRUJfQVVUT19ERVRFQ1Q9dHJ1ZQ==,RkxVVFRFUl9XRUJfQ0FOVkFTS0lUX1VSTD1odHRwczovL3d3dy5nc3RhdGljLmNvbS9mbHV0dGVyLWNhbnZhc2tpdC9mNDBlOTc2YmVkZmY1N2U2OWUxYjNkODlhN2MyYTNjNjE3YTAzZGFkLw== -Pdart-obfuscation=false -Ptrack-widget-creation=true -Ptree-shake-icons=false -Pfilesystem-scheme=org-dartlang-root assembleDebug
java_class_path (initial): F:\flutter-projects\track_wise\android\\gradle\wrapper\gradle-wrapper.jar
Launcher Type: SUN_STANDARD

[Global flags]
     intx CICompilerCount                          = 3                                         {product} {ergonomic}
     uint ConcGCThreads                            = 1                                         {product} {ergonomic}
     uint G1ConcRefinementThreads                  = 4                                         {product} {ergonomic}
   size_t G1HeapRegionSize                         = 1048576                                   {product} {ergonomic}
    uintx GCDrainStackTargetSize                   = 64                                        {product} {ergonomic}
   size_t InitialHeapSize                          = 100663296                                 {product} {ergonomic}
   size_t MarkStackSize                            = 4194304                                   {product} {ergonomic}
   size_t MaxHeapSize                              = 1591738368                                {product} {ergonomic}
   size_t MaxNewSize                               = 954204160                                 {product} {ergonomic}
   size_t MinHeapDeltaBytes                        = 1048576                                   {product} {ergonomic}
   size_t MinHeapSize                              = 8388608                                   {product} {ergonomic}
    uintx NonNMethodCodeHeapSize                   = 5832780                                {pd product} {ergonomic}
    uintx NonProfiledCodeHeapSize                  = 122912730                              {pd product} {ergonomic}
    uintx ProfiledCodeHeapSize                     = 122912730                              {pd product} {ergonomic}
    uintx ReservedCodeCacheSize                    = 251658240                              {pd product} {ergonomic}
     bool SegmentedCodeCache                       = true                                      {product} {ergonomic}
   size_t SoftMaxHeapSize                          = 1591738368                             {manageable} {ergonomic}
     bool UseCompressedClassPointers               = true                           {product lp64_product} {ergonomic}
     bool UseCompressedOops                        = true                           {product lp64_product} {ergonomic}
     bool UseG1GC                                  = true                                      {product} {ergonomic}
     bool UseLargePagesIndividualAllocation        = false                                  {pd product} {ergonomic}

Logging:
Log output configuration:
 #0: stdout all=warning uptime,level,tags
 #1: stderr all=off uptime,level,tags

Environment Variables:
JAVA_HOME=C:\Program Files\Android\Android Studio\jbr
CLASSPATH=F:\flutter-projects\track_wise\android\\gradle\wrapper\gradle-wrapper.jar
PATH=C:\Program Files\Android\Android Studio\jbr\bin;C:\Program Files\Common Files\Oracle\Java\javapath;C:\Program Files (x86)\Common Files\Intel\Shared Libraries\redist\intel64\compiler;C:\Windows\system32;C:\Windows;C:\Windows\System32\Wbem;C:\Windows\System32\WindowsPowerShell\v1.0\;C:\Windows\System32\OpenSSH\;C:\Program Files\dotnet\;C:\Program Files (x86)\Microsoft SQL Server\160\DTS\Binn\;C:\Program Files\Azure Data Studio\bin;C:\Program Files (x86)\Microsoft SQL Server\160\Tools\Binn\;C:\Program Files\Microsoft SQL Server\160\Tools\Binn\;C:\Program Files\Microsoft SQL Server\Client SDK\ODBC\170\Tools\Binn\;C:\Program Files\Microsoft SQL Server\160\DTS\Binn\;C:\Program Files\Git\cmd;C:\Program Files\PuTTY\;C:\Program Files\nodejs\;C:\ProgramData\chocolatey\bin;C:\Users\Pasindu\AppData\Local\Programs\Python\Python312\Scripts\;C:\Users\Pasindu\AppData\Local\Programs\Python\Python312\;C:\Users\Pasindu\AppData\Local\Microsoft\WindowsApps;C:\Users\Pasindu\AppData\Local\Programs\Microsoft VS Code\bin;C:\Users\Pasindu\.dotnet\tools;C:\Program Files\JetBrains\CLion 2023.3.2\bin;;C:\Program Files\JetBrains\IntelliJ IDEA 2023.3.2\bin;;C:\Program Files\JetBrains\PyCharm 2023.3.2\bin;;C:\Program Files\Azure Data Studio\bin;C:\flutter\bin;C:\Users\Pasindu\AppData\Roaming\npm;C:\Program Files\nodejs\;C:\tools\dart-sdk\bin;C:\Users\Pasindu\AppData\Local\Pub\Cache\bin;C:\Program Files\mongosh\;C:\flutter\bin\mingit\cmd;C:\flutter\bin\mingit\cmd
USERNAME=pasiya
OS=Windows_NT
PROCESSOR_IDENTIFIER=AMD64 Family 23 Model 24 Stepping 1, AuthenticAMD
TMP=C:\Users\Pasindu\AppData\Local\Temp
TEMP=C:\Users\Pasindu\AppData\Local\Temp


JNI global refs:
JNI global refs: 4, weak refs: 0

JNI global refs memory usage: 843, weak refs: 209

OOME stack traces (most recent first):
Classloader memory used:
Loader bootstrap                                                                       : 399K


---------------  S Y S T E M  ---------------

OS:
 Windows 11 , 64 bit Build 22621 (10.0.22621.3235)
OS uptime: 0 days 12:11 hours

CPU: total 4 (initial active 4) (4 cores per cpu, 1 threads per core) family 23 model 24 stepping 1 microcode 0x0, cx8, cmov, fxsr, mmx, 3dnowpref, sse, sse2, sse3, ssse3, sse4a, sse4.1, sse4.2, popcnt, lzcnt, tsc, tscinvbit, avx, avx2, aes, clmul, bmi1, bmi2, adx, sha, fma, vzeroupper, clflush, clflushopt

Memory: 4k page, system-wide physical 6065M (379M free)
TotalPageFile size 24497M (AvailPageFile size 1M)
current process WorkingSet (physical memory assigned to process): 26M, peak: 26M
current process commit charge ("private bytes"): 159M, peak: 160M

vm_info: OpenJDK 64-Bit Server VM (17.0.7+0-b2043.56-10550314) for windows-amd64 JRE (17.0.7+0-b2043.56-10550314), built on Jul 24 2023 18:27:45 by "androidbuild" with MS VC++ 16.10 / 16.11 (VS2019)

END.
